<?xml version="1.0" encoding="UTF-8"?>
<!-- Generated by org.testng.reporters.JUnitReportReporter -->
<testsuite hostname="DESKTOP-74HPJAG" failures="0" tests="1" name="orangeHRM.Demo" time="10.269" errors="0" timestamp="2024-11-25T18:02:34 IST" skipped="0">
  <testcase classname="orangeHRM.Demo" name="Test1" time="10.269"/>
  <system-out/>
</testsuite> <!-- orangeHRM.Demo -->
