<?xml version="1.0" encoding="UTF-8"?>
<!-- Generated by org.testng.reporters.JUnitReportReporter -->
<testsuite hostname="DESKTOP-74HPJAG" failures="0" tests="1" name="orangeHRM.AddUser_Testing" time="8.940" errors="0" timestamp="2024-11-25T18:18:19 IST" skipped="0">
  <testcase classname="orangeHRM.AddUser_Testing" name="Test1" time="8.940"/>
  <system-out/>
</testsuite> <!-- orangeHRM.AddUser_Testing -->
