<?xml version="1.0" encoding="UTF-8"?>
<!-- Generated by org.testng.reporters.JUnitReportReporter -->
<testsuite hostname="DESKTOP-74HPJAG" failures="0" tests="2" name="orangeHRM.AddUser_PositiveTesting" time="23.978" errors="0" timestamp="2024-11-25T18:35:24 IST" skipped="0">
  <testcase classname="orangeHRM.AddUser_PositiveTesting" name="Test1" time="9.177"/>
  <system-out/>
  <testcase classname="orangeHRM.AddUser_PositiveTesting" name="Test2" time="14.801"/>
  <system-out/>
</testsuite> <!-- orangeHRM.AddUser_PositiveTesting -->
