<?xml version="1.0" encoding="UTF-8"?>
<!-- Generated by org.testng.reporters.JUnitReportReporter -->
<testsuite hostname="DESKTOP-74HPJAG" failures="0" tests="1" name="orangeHRM.AddUser_NegativeTesting" time="6.897" errors="0" timestamp="2024-11-25T18:22:41 IST" skipped="0">
  <testcase classname="orangeHRM.AddUser_NegativeTesting" name="Test2" time="6.897"/>
  <system-out/>
</testsuite> <!-- orangeHRM.AddUser_NegativeTesting -->
